1  : hacker         : 1: started
2  : hacker         : 1: waiting for boarding: 1: 0
3  : hacker         : 2: started
4  : hacker         : 2: waiting for boarding: 2: 0
5  : serf           : 1: started
6  : serf           : 1: waiting for boarding: 2: 1
7  : hacker         : 3: started
8  : hacker         : 3: waiting for boarding: 3: 1
9  : serf           : 2: started
10 : serf           : 2: waiting for boarding: 3: 2
11 : hacker         : 2: boarding: 1: 0
12 : hacker         : 1: boarding: 1: 0
13 : serf           : 2: boarding: 1: 0
14 : serf           : 1: boarding: 1: 0
15 : serf           : 1: member
16 : hacker         : 1: member
17 : serf           : 2: captain
18 : hacker         : 2: member
19 : serf           : 3: started
20 : hacker         : 4: started
21 : serf           : 4: started
22 : serf           : 1: landing: 1: 0
23 : serf           : 2: landing: 1: 0
24 : hacker         : 2: landing: 1: 0
25 : hacker         : 1: landing: 1: 0
26 : serf           : 3: waiting for boarding: 1: 1
27 : hacker         : 4: waiting for boarding: 2: 1
28 : serf           : 4: waiting for boarding: 2: 2
29 : hacker         : 3: boarding: 0: 0
30 : serf           : 4: boarding: 0: 0
31 : serf           : 3: boarding: 0: 0
32 : hacker         : 4: boarding: 0: 0
33 : hacker         : 3: member
34 : serf           : 3: member
35 : hacker         : 4: member
36 : serf           : 4: captain
37 : hacker         : 3: landing: 0: 0
38 : hacker         : 4: landing: 0: 0
39 : serf           : 4: landing: 0: 0
40 : serf           : 3: landing: 0: 0
41 : serf           :  1: finished
42 : hacker         :  1: finished
43 : hacker         :  2: finished
44 : hacker         :  3: finished
45 : hacker         :  4: finished
46 : serf           :  3: finished
47 : serf           :  2: finished
48 : serf           :  4: finished
